Determining if the pthread_create exist failed with the following output:
Change Dir: /home/yang/xuchun/Pros/chatRoomNew/Project/Server/CMakeFiles/CMakeTmp

Run Build Command:"/usr/bin/make" "cmTC_e4784/fast"
/usr/bin/make -f CMakeFiles/cmTC_e4784.dir/build.make CMakeFiles/cmTC_e4784.dir/build
make[1]: 进入目录“/home/yang/xuchun/Pros/chatRoomNew/Project/Server/CMakeFiles/CMakeTmp”
Building C object CMakeFiles/cmTC_e4784.dir/CheckSymbolExists.c.o
/usr/bin/cc    -o CMakeFiles/cmTC_e4784.dir/CheckSymbolExists.c.o   -c /home/yang/xuchun/Pros/chatRoomNew/Project/Server/CMakeFiles/CMakeTmp/CheckSymbolExists.c
Linking C executable cmTC_e4784
/usr/bin/cmake -E cmake_link_script CMakeFiles/cmTC_e4784.dir/link.txt --verbose=1
/usr/bin/cc      -rdynamic CMakeFiles/cmTC_e4784.dir/CheckSymbolExists.c.o  -o cmTC_e4784 
CMakeFiles/cmTC_e4784.dir/CheckSymbolExists.c.o：在函数‘main’中：
CheckSymbolExists.c:(.text+0x1b)：对‘pthread_create’未定义的引用
collect2: error: ld returned 1 exit status
CMakeFiles/cmTC_e4784.dir/build.make:97: recipe for target 'cmTC_e4784' failed
make[1]: *** [cmTC_e4784] Error 1
make[1]: 离开目录“/home/yang/xuchun/Pros/chatRoomNew/Project/Server/CMakeFiles/CMakeTmp”
Makefile:126: recipe for target 'cmTC_e4784/fast' failed
make: *** [cmTC_e4784/fast] Error 2

File /home/yang/xuchun/Pros/chatRoomNew/Project/Server/CMakeFiles/CMakeTmp/CheckSymbolExists.c:
/* */
#include <pthread.h>

int main(int argc, char** argv)
{
  (void)argv;
#ifndef pthread_create
  return ((int*)(&pthread_create))[argc];
#else
  (void)argc;
  return 0;
#endif
}

Determining if the function pthread_create exists in the pthreads failed with the following output:
Change Dir: /home/yang/xuchun/Pros/chatRoomNew/Project/Server/CMakeFiles/CMakeTmp

Run Build Command:"/usr/bin/make" "cmTC_e880c/fast"
/usr/bin/make -f CMakeFiles/cmTC_e880c.dir/build.make CMakeFiles/cmTC_e880c.dir/build
make[1]: 进入目录“/home/yang/xuchun/Pros/chatRoomNew/Project/Server/CMakeFiles/CMakeTmp”
Building C object CMakeFiles/cmTC_e880c.dir/CheckFunctionExists.c.o
/usr/bin/cc   -DCHECK_FUNCTION_EXISTS=pthread_create   -o CMakeFiles/cmTC_e880c.dir/CheckFunctionExists.c.o   -c /usr/share/cmake-3.10/Modules/CheckFunctionExists.c
Linking C executable cmTC_e880c
/usr/bin/cmake -E cmake_link_script CMakeFiles/cmTC_e880c.dir/link.txt --verbose=1
/usr/bin/cc  -DCHECK_FUNCTION_EXISTS=pthread_create    -rdynamic CMakeFiles/cmTC_e880c.dir/CheckFunctionExists.c.o  -o cmTC_e880c -lpthreads 
/usr/bin/x86_64-linux-gnu-ld: 找不到 -lpthreads
collect2: error: ld returned 1 exit status
CMakeFiles/cmTC_e880c.dir/build.make:97: recipe for target 'cmTC_e880c' failed
make[1]: *** [cmTC_e880c] Error 1
make[1]: 离开目录“/home/yang/xuchun/Pros/chatRoomNew/Project/Server/CMakeFiles/CMakeTmp”
Makefile:126: recipe for target 'cmTC_e880c/fast' failed
make: *** [cmTC_e880c/fast] Error 2


