Determining if the pthread_create exist failed with the following output:
Change Dir: /home/yang/桌面/chatRoomNew/Project/Client/CMakeFiles/CMakeTmp

Run Build Command:"/usr/bin/make" "cmTC_c49a5/fast"
/usr/bin/make -f CMakeFiles/cmTC_c49a5.dir/build.make CMakeFiles/cmTC_c49a5.dir/build
make[1]: Entering directory '/home/yang/桌面/chatRoomNew/Project/Client/CMakeFiles/CMakeTmp'
Building C object CMakeFiles/cmTC_c49a5.dir/CheckSymbolExists.c.o
/usr/bin/cc    -o CMakeFiles/cmTC_c49a5.dir/CheckSymbolExists.c.o   -c /home/yang/桌面/chatRoomNew/Project/Client/CMakeFiles/CMakeTmp/CheckSymbolExists.c
Linking C executable cmTC_c49a5
/usr/bin/cmake -E cmake_link_script CMakeFiles/cmTC_c49a5.dir/link.txt --verbose=1
/usr/bin/cc      -rdynamic CMakeFiles/cmTC_c49a5.dir/CheckSymbolExists.c.o  -o cmTC_c49a5 
CMakeFiles/cmTC_c49a5.dir/CheckSymbolExists.c.o：在函数‘main’中：
CheckSymbolExists.c:(.text+0x1b)：对‘pthread_create’未定义的引用
collect2: error: ld returned 1 exit status
CMakeFiles/cmTC_c49a5.dir/build.make:97: recipe for target 'cmTC_c49a5' failed
make[1]: *** [cmTC_c49a5] Error 1
make[1]: Leaving directory '/home/yang/桌面/chatRoomNew/Project/Client/CMakeFiles/CMakeTmp'
Makefile:126: recipe for target 'cmTC_c49a5/fast' failed
make: *** [cmTC_c49a5/fast] Error 2

File /home/yang/桌面/chatRoomNew/Project/Client/CMakeFiles/CMakeTmp/CheckSymbolExists.c:
/* */
#include <pthread.h>

int main(int argc, char** argv)
{
  (void)argv;
#ifndef pthread_create
  return ((int*)(&pthread_create))[argc];
#else
  (void)argc;
  return 0;
#endif
}

Determining if the function pthread_create exists in the pthreads failed with the following output:
Change Dir: /home/yang/桌面/chatRoomNew/Project/Client/CMakeFiles/CMakeTmp

Run Build Command:"/usr/bin/make" "cmTC_6ce1b/fast"
/usr/bin/make -f CMakeFiles/cmTC_6ce1b.dir/build.make CMakeFiles/cmTC_6ce1b.dir/build
make[1]: Entering directory '/home/yang/桌面/chatRoomNew/Project/Client/CMakeFiles/CMakeTmp'
Building C object CMakeFiles/cmTC_6ce1b.dir/CheckFunctionExists.c.o
/usr/bin/cc   -DCHECK_FUNCTION_EXISTS=pthread_create   -o CMakeFiles/cmTC_6ce1b.dir/CheckFunctionExists.c.o   -c /usr/share/cmake-3.9/Modules/CheckFunctionExists.c
Linking C executable cmTC_6ce1b
/usr/bin/cmake -E cmake_link_script CMakeFiles/cmTC_6ce1b.dir/link.txt --verbose=1
/usr/bin/cc  -DCHECK_FUNCTION_EXISTS=pthread_create    -rdynamic CMakeFiles/cmTC_6ce1b.dir/CheckFunctionExists.c.o  -o cmTC_6ce1b -lpthreads 
/usr/bin/ld: 找不到 -lpthreads
collect2: error: ld returned 1 exit status
CMakeFiles/cmTC_6ce1b.dir/build.make:97: recipe for target 'cmTC_6ce1b' failed
make[1]: *** [cmTC_6ce1b] Error 1
make[1]: Leaving directory '/home/yang/桌面/chatRoomNew/Project/Client/CMakeFiles/CMakeTmp'
Makefile:126: recipe for target 'cmTC_6ce1b/fast' failed
make: *** [cmTC_6ce1b/fast] Error 2


Determining if the pthread_create exist failed with the following output:
Change Dir: /home/chun/chuner/chatRoomNew/Project/Client/CMakeFiles/CMakeTmp

Run Build Command:"/usr/bin/make" "cmTC_5a630/fast"
/usr/bin/make -f CMakeFiles/cmTC_5a630.dir/build.make CMakeFiles/cmTC_5a630.dir/build
make[1]: Entering directory '/home/chun/chuner/chatRoomNew/Project/Client/CMakeFiles/CMakeTmp'
Building C object CMakeFiles/cmTC_5a630.dir/CheckSymbolExists.c.o
/usr/bin/cc     -o CMakeFiles/cmTC_5a630.dir/CheckSymbolExists.c.o   -c /home/chun/chuner/chatRoomNew/Project/Client/CMakeFiles/CMakeTmp/CheckSymbolExists.c
Linking C executable cmTC_5a630
/usr/bin/cmake -E cmake_link_script CMakeFiles/cmTC_5a630.dir/link.txt --verbose=1
/usr/bin/cc       CMakeFiles/cmTC_5a630.dir/CheckSymbolExists.c.o  -o cmTC_5a630 -rdynamic 
CMakeFiles/cmTC_5a630.dir/CheckSymbolExists.c.o：在函数‘main’中：
CheckSymbolExists.c:(.text+0x16)：对‘pthread_create’未定义的引用
collect2: error: ld returned 1 exit status
CMakeFiles/cmTC_5a630.dir/build.make:97: recipe for target 'cmTC_5a630' failed
make[1]: *** [cmTC_5a630] Error 1
make[1]: Leaving directory '/home/chun/chuner/chatRoomNew/Project/Client/CMakeFiles/CMakeTmp'
Makefile:126: recipe for target 'cmTC_5a630/fast' failed
make: *** [cmTC_5a630/fast] Error 2

File /home/chun/chuner/chatRoomNew/Project/Client/CMakeFiles/CMakeTmp/CheckSymbolExists.c:
/* */
#include <pthread.h>

int main(int argc, char** argv)
{
  (void)argv;
#ifndef pthread_create
  return ((int*)(&pthread_create))[argc];
#else
  (void)argc;
  return 0;
#endif
}

Determining if the function pthread_create exists in the pthreads failed with the following output:
Change Dir: /home/chun/chuner/chatRoomNew/Project/Client/CMakeFiles/CMakeTmp

Run Build Command:"/usr/bin/make" "cmTC_bb0ab/fast"
/usr/bin/make -f CMakeFiles/cmTC_bb0ab.dir/build.make CMakeFiles/cmTC_bb0ab.dir/build
make[1]: Entering directory '/home/chun/chuner/chatRoomNew/Project/Client/CMakeFiles/CMakeTmp'
Building C object CMakeFiles/cmTC_bb0ab.dir/CheckFunctionExists.c.o
/usr/bin/cc    -DCHECK_FUNCTION_EXISTS=pthread_create   -o CMakeFiles/cmTC_bb0ab.dir/CheckFunctionExists.c.o   -c /usr/share/cmake-3.5/Modules/CheckFunctionExists.c
Linking C executable cmTC_bb0ab
/usr/bin/cmake -E cmake_link_script CMakeFiles/cmTC_bb0ab.dir/link.txt --verbose=1
/usr/bin/cc   -DCHECK_FUNCTION_EXISTS=pthread_create    CMakeFiles/cmTC_bb0ab.dir/CheckFunctionExists.c.o  -o cmTC_bb0ab -rdynamic -lpthreads 
/usr/bin/ld: 找不到 -lpthreads
collect2: error: ld returned 1 exit status
CMakeFiles/cmTC_bb0ab.dir/build.make:97: recipe for target 'cmTC_bb0ab' failed
make[1]: *** [cmTC_bb0ab] Error 1
make[1]: Leaving directory '/home/chun/chuner/chatRoomNew/Project/Client/CMakeFiles/CMakeTmp'
Makefile:126: recipe for target 'cmTC_bb0ab/fast' failed
make: *** [cmTC_bb0ab/fast] Error 2


